1732380891.515208 client started (93417): version 3.2a, socket /tmp/tmux-1000/default, protocol 8
1732380891.515229 on Linux 5.15.167.4-microsoft-standard-WSL2 #1 SMP Tue Nov 5 00:21:55 UTC 2024
1732380891.515232 using libevent 2.1.12-stable (poll); ncurses 6.3
1732380891.515243 flags are 0x10010000
1732380891.515246 socket is /tmp/tmux-1000/default
1732380891.515255 trying connect
1732380891.515310 add peer 0x55bdcd35ca90: 6 ((nil))
1732380891.515572 sending message 100 to peer 0x55bdcd35ca90 (4 bytes)
1732380891.515579 sending message 111 to peer 0x55bdcd35ca90 (8 bytes)
1732380891.515582 sending message 101 to peer 0x55bdcd35ca90 (7 bytes)
1732380891.515585 sending message 109 to peer 0x55bdcd35ca90 (4 bytes)
1732380891.515588 sending message 102 to peer 0x55bdcd35ca90 (11 bytes)
1732380891.515591 sending message 108 to peer 0x55bdcd35ca90 (28 bytes)
1732380891.515594 sending message 112 to peer 0x55bdcd35ca90 (70 bytes)
1732380891.515597 sending message 112 to peer 0x55bdcd35ca90 (5 bytes)
1732380891.515600 sending message 112 to peer 0x55bdcd35ca90 (5 bytes)
1732380891.515603 sending message 112 to peer 0x55bdcd35ca90 (6 bytes)
1732380891.515605 sending message 112 to peer 0x55bdcd35ca90 (6 bytes)
1732380891.515608 sending message 112 to peer 0x55bdcd35ca90 (11 bytes)
1732380891.515611 sending message 112 to peer 0x55bdcd35ca90 (10 bytes)
1732380891.515614 sending message 112 to peer 0x55bdcd35ca90 (13 bytes)
1732380891.515617 sending message 112 to peer 0x55bdcd35ca90 (13 bytes)
1732380891.515620 sending message 112 to peer 0x55bdcd35ca90 (18 bytes)
1732380891.515623 sending message 112 to peer 0x55bdcd35ca90 (9 bytes)
1732380891.515626 sending message 112 to peer 0x55bdcd35ca90 (21 bytes)
1732380891.515630 sending message 112 to peer 0x55bdcd35ca90 (13 bytes)
1732380891.515634 sending message 112 to peer 0x55bdcd35ca90 (7 bytes)
1732380891.515637 sending message 112 to peer 0x55bdcd35ca90 (13 bytes)
1732380891.515641 sending message 112 to peer 0x55bdcd35ca90 (7 bytes)
1732380891.515643 sending message 112 to peer 0x55bdcd35ca90 (13 bytes)
1732380891.515647 sending message 112 to peer 0x55bdcd35ca90 (9 bytes)
1732380891.515650 sending message 112 to peer 0x55bdcd35ca90 (21 bytes)
1732380891.515654 sending message 112 to peer 0x55bdcd35ca90 (13 bytes)
1732380891.515657 sending message 112 to peer 0x55bdcd35ca90 (8 bytes)
1732380891.515660 sending message 112 to peer 0x55bdcd35ca90 (12 bytes)
1732380891.515663 sending message 112 to peer 0x55bdcd35ca90 (13 bytes)
1732380891.515666 sending message 112 to peer 0x55bdcd35ca90 (9 bytes)
1732380891.515670 sending message 112 to peer 0x55bdcd35ca90 (9 bytes)
1732380891.515674 sending message 112 to peer 0x55bdcd35ca90 (12 bytes)
1732380891.515677 sending message 112 to peer 0x55bdcd35ca90 (8 bytes)
1732380891.515680 sending message 112 to peer 0x55bdcd35ca90 (7 bytes)
1732380891.515683 sending message 112 to peer 0x55bdcd35ca90 (7 bytes)
1732380891.515686 sending message 112 to peer 0x55bdcd35ca90 (9 bytes)
1732380891.515688 sending message 112 to peer 0x55bdcd35ca90 (13 bytes)
1732380891.515691 sending message 112 to peer 0x55bdcd35ca90 (9 bytes)
1732380891.515694 sending message 112 to peer 0x55bdcd35ca90 (15 bytes)
1732380891.515697 sending message 112 to peer 0x55bdcd35ca90 (13 bytes)
1732380891.515700 sending message 112 to peer 0x55bdcd35ca90 (12 bytes)
1732380891.515703 sending message 112 to peer 0x55bdcd35ca90 (8 bytes)
1732380891.515706 sending message 112 to peer 0x55bdcd35ca90 (14 bytes)
1732380891.515708 sending message 112 to peer 0x55bdcd35ca90 (9 bytes)
1732380891.515711 sending message 112 to peer 0x55bdcd35ca90 (10 bytes)
1732380891.515714 sending message 112 to peer 0x55bdcd35ca90 (10 bytes)
1732380891.515717 sending message 112 to peer 0x55bdcd35ca90 (10 bytes)
1732380891.515720 sending message 112 to peer 0x55bdcd35ca90 (10 bytes)
1732380891.515723 sending message 112 to peer 0x55bdcd35ca90 (11 bytes)
1732380891.515725 sending message 112 to peer 0x55bdcd35ca90 (10 bytes)
1732380891.515728 sending message 112 to peer 0x55bdcd35ca90 (8 bytes)
1732380891.515731 sending message 112 to peer 0x55bdcd35ca90 (11 bytes)
1732380891.515739 sending message 112 to peer 0x55bdcd35ca90 (11 bytes)
1732380891.515742 sending message 112 to peer 0x55bdcd35ca90 (11 bytes)
1732380891.515745 sending message 112 to peer 0x55bdcd35ca90 (8 bytes)
1732380891.515748 sending message 112 to peer 0x55bdcd35ca90 (8 bytes)
1732380891.515751 sending message 112 to peer 0x55bdcd35ca90 (8 bytes)
1732380891.515754 sending message 112 to peer 0x55bdcd35ca90 (10 bytes)
1732380891.515757 sending message 112 to peer 0x55bdcd35ca90 (10 bytes)
1732380891.515760 sending message 112 to peer 0x55bdcd35ca90 (10 bytes)
1732380891.515763 sending message 112 to peer 0x55bdcd35ca90 (10 bytes)
1732380891.515765 sending message 112 to peer 0x55bdcd35ca90 (10 bytes)
1732380891.515768 sending message 112 to peer 0x55bdcd35ca90 (11 bytes)
1732380891.515771 sending message 112 to peer 0x55bdcd35ca90 (11 bytes)
1732380891.515774 sending message 112 to peer 0x55bdcd35ca90 (10 bytes)
1732380891.515777 sending message 112 to peer 0x55bdcd35ca90 (9 bytes)
1732380891.515780 sending message 112 to peer 0x55bdcd35ca90 (9 bytes)
1732380891.515783 sending message 112 to peer 0x55bdcd35ca90 (12 bytes)
1732380891.515786 sending message 112 to peer 0x55bdcd35ca90 (9 bytes)
1732380891.515789 sending message 112 to peer 0x55bdcd35ca90 (6 bytes)
1732380891.515792 sending message 112 to peer 0x55bdcd35ca90 (8 bytes)
1732380891.515795 sending message 112 to peer 0x55bdcd35ca90 (15 bytes)
1732380891.515798 sending message 112 to peer 0x55bdcd35ca90 (13 bytes)
1732380891.515801 sending message 112 to peer 0x55bdcd35ca90 (16 bytes)
1732380891.515803 sending message 112 to peer 0x55bdcd35ca90 (16 bytes)
1732380891.515806 sending message 112 to peer 0x55bdcd35ca90 (10 bytes)
1732380891.515809 sending message 112 to peer 0x55bdcd35ca90 (8 bytes)
1732380891.515812 sending message 112 to peer 0x55bdcd35ca90 (15 bytes)
1732380891.515815 sending message 112 to peer 0x55bdcd35ca90 (13 bytes)
1732380891.515818 sending message 112 to peer 0x55bdcd35ca90 (10 bytes)
1732380891.515821 sending message 112 to peer 0x55bdcd35ca90 (10 bytes)
1732380891.515823 sending message 112 to peer 0x55bdcd35ca90 (5 bytes)
1732380891.515826 sending message 112 to peer 0x55bdcd35ca90 (15 bytes)
1732380891.515830 sending message 104 to peer 0x55bdcd35ca90 (0 bytes)
1732380891.515833 sending message 110 to peer 0x55bdcd35ca90 (0 bytes)
1732380891.515836 sending message 107 to peer 0x55bdcd35ca90 (4 bytes)
1732380891.515839 sending message 105 to peer 0x55bdcd35ca90 (54 bytes)
1732380891.515842 sending message 105 to peer 0x55bdcd35ca90 (11 bytes)
1732380891.515845 sending message 105 to peer 0x55bdcd35ca90 (20 bytes)
1732380891.515848 sending message 105 to peer 0x55bdcd35ca90 (16 bytes)
1732380891.515851 sending message 105 to peer 0x55bdcd35ca90 (13 bytes)
1732380891.515854 sending message 105 to peer 0x55bdcd35ca90 (8 bytes)
1732380891.515857 sending message 105 to peer 0x55bdcd35ca90 (17 bytes)
1732380891.515859 sending message 105 to peer 0x55bdcd35ca90 (32 bytes)
1732380891.515863 sending message 105 to peer 0x55bdcd35ca90 (1519 bytes)
1732380891.515872 sending message 105 to peer 0x55bdcd35ca90 (11 bytes)
1732380891.515875 sending message 105 to peer 0x55bdcd35ca90 (55 bytes)
1732380891.515877 sending message 105 to peer 0x55bdcd35ca90 (16 bytes)
1732380891.515880 sending message 105 to peer 0x55bdcd35ca90 (28 bytes)
1732380891.515883 sending message 105 to peer 0x55bdcd35ca90 (64 bytes)
1732380891.515886 sending message 105 to peer 0x55bdcd35ca90 (43 bytes)
1732380891.515889 sending message 105 to peer 0x55bdcd35ca90 (11 bytes)
1732380891.515892 sending message 105 to peer 0x55bdcd35ca90 (725 bytes)
1732380891.515895 sending message 105 to peer 0x55bdcd35ca90 (43 bytes)
1732380891.515898 sending message 105 to peer 0x55bdcd35ca90 (40 bytes)
1732380891.515901 sending message 105 to peer 0x55bdcd35ca90 (32 bytes)
1732380891.515904 sending message 105 to peer 0x55bdcd35ca90 (19 bytes)
1732380891.515907 sending message 105 to peer 0x55bdcd35ca90 (8 bytes)
1732380891.515910 sending message 105 to peer 0x55bdcd35ca90 (12 bytes)
1732380891.515916 sending message 105 to peer 0x55bdcd35ca90 (18 bytes)
1732380891.515919 sending message 105 to peer 0x55bdcd35ca90 (26 bytes)
1732380891.515922 sending message 105 to peer 0x55bdcd35ca90 (35 bytes)
1732380891.515925 sending message 105 to peer 0x55bdcd35ca90 (13 bytes)
1732380891.515928 sending message 105 to peer 0x55bdcd35ca90 (14 bytes)
1732380891.515931 sending message 105 to peer 0x55bdcd35ca90 (26 bytes)
1732380891.515934 sending message 105 to peer 0x55bdcd35ca90 (24 bytes)
1732380891.515936 sending message 105 to peer 0x55bdcd35ca90 (33 bytes)
1732380891.515939 sending message 105 to peer 0x55bdcd35ca90 (23 bytes)
1732380891.515942 sending message 105 to peer 0x55bdcd35ca90 (33 bytes)
1732380891.515945 sending message 105 to peer 0x55bdcd35ca90 (53 bytes)
1732380891.515948 sending message 105 to peer 0x55bdcd35ca90 (48 bytes)
1732380891.515951 sending message 105 to peer 0x55bdcd35ca90 (32 bytes)
1732380891.515954 sending message 105 to peer 0x55bdcd35ca90 (30 bytes)
1732380891.515957 sending message 105 to peer 0x55bdcd35ca90 (16 bytes)
1732380891.515960 sending message 106 to peer 0x55bdcd35ca90 (0 bytes)
1732380891.515963 sending message 200 to peer 0x55bdcd35ca90 (4 bytes)
1732380891.515966 client loop enter
1732380891.516311 peer 0x55bdcd35ca90 message 303
1732380891.516317 open write file 2 -
1732380891.516323 sending message 305 to peer 0x55bdcd35ca90 (8 bytes)
1732380891.516352 write check file 2
1732380891.516450 peer 0x55bdcd35ca90 message 304
1732380891.516456 write 58 to file 2
1732380891.516460 peer 0x55bdcd35ca90 message 203
1732380891.516463 file 2 58 bytes left
1732380891.516491 write check file 2
1732380891.516498 client loop exit
